<?xml version='1.0' encoding='UTF-8'?>
<testsuite hostname="DESKTOP-GTKECQN" name="test.scala.ScalaTest" tests="3" errors="0" failures="0" skipped="0" time="0.015">
                     <properties>
[...]
</properties>
                     <testcase classname="test.scala.ScalaTest" name="Current date" time="0.015">
                                                 
                                               </testcase><testcase classname="test.scala.ScalaTest" name="Calculate number(complex number)" time="0.0">
                                                 
                                               </testcase><testcase classname="test.scala.ScalaTest" name="Calculate number(scalar number)" time="0.0">
                                                 
                                               </testcase>
                     <system-out><![CDATA[]]></system-out>
                     <system-err><![CDATA[]]></system-err>
                   </testsuite>